<?xml version="1.0" encoding="UTF-8"?>
<!-- Generated by org.testng.reporters.JUnitReportReporter -->
<testsuite hostname="BOSL0751720B2" name="org.liveproject.com.SeleniumTests.ReadExcellData" tests="1" failures="0" timestamp="9 Mar 2016 16:01:13 GMT" time="47.894" errors="0">
  <testcase name="sanity01_InvalidSignIn" time="47.894" classname="org.liveproject.com.SeleniumTests.ReadExcellData"/>
</testsuite> <!-- org.liveproject.com.SeleniumTests.ReadExcellData -->
