<?xml version="1.0" encoding="UTF-8"?>
<!-- Generated by org.testng.reporters.JUnitReportReporter -->
<testsuite hostname="BOSL0751720B2" name="org.liveproject.com.SeleniumTests.ipnLoginValidationTest" tests="1" failures="0" timestamp="25 Jun 2016 15:09:42 GMT" time="98.159" errors="0">
  <testcase name="sanity01_InvalidSignIn" time="98.159" classname="org.liveproject.com.SeleniumTests.ipnLoginValidationTest"/>
</testsuite> <!-- org.liveproject.com.SeleniumTests.ipnLoginValidationTest -->
