<?xml version="1.0" encoding="UTF-8"?>
<!-- Generated by org.testng.reporters.JUnitReportReporter -->
<testsuite hostname="BOSL0751720B2" name="org.liveproject.com.SeleniumTests.ImageComparision" tests="1" failures="0" timestamp="3 Mar 2016 08:08:50 GMT" time="3653.193" errors="0">
  <testcase name="sanity01_InvalidSignIn" time="3653.193" classname="org.liveproject.com.SeleniumTests.ImageComparision"/>
</testsuite> <!-- org.liveproject.com.SeleniumTests.ImageComparision -->
