<?xml version="1.0" encoding="UTF-8"?>
<!-- Generated by org.testng.reporters.JUnitReportReporter -->
<testsuite hostname="BOSL0751720B2" name="org.liveproject.com.SeleniumTests.ipnInvalidLoginTest" tests="1" failures="0" timestamp="27 Feb 2016 15:46:06 GMT" time="14.935" errors="0">
  <testcase name="sanity01_InvalidSignIn" time="14.935" classname="org.liveproject.com.SeleniumTests.ipnInvalidLoginTest"/>
</testsuite> <!-- org.liveproject.com.SeleniumTests.ipnInvalidLoginTest -->
